<?xml version="1.0" encoding="UTF-8"?>
<testsuite name="com.trello.qa.DeleteBoards" tests="1" skipped="0" failures="0" errors="0" timestamp="2019-12-14T01:39:05" hostname="dmitriyM1530" time="83.423">
  <properties/>
  <testcase name="deleteAllPersonalBoards" classname="com.trello.qa.DeleteBoards" time="83.423"/>
  <system-out><![CDATA[Created 4 boards.
@@@@@@@@@@@@@@@@@@@@@@@@@@@@@

Number boards before removal1: 4
@@@@@@@@@@@@@@@@@@@@@@@@@@@@@
Number boards after removal: 0
WOOOU Tests pass
@@@@@@@@@@@@@@@@@@@@@@@@
 Deleted boards = 3
]]></system-out>
  <system-err><![CDATA[Starting ChromeDriver 78.0.3904.105 (60e2d8774a8151efa6a00b1f358371b1e0e07ee2-refs/branch-heads/3904@{#877}) on port 8278
Only local connections are allowed.
Please protect ports used by ChromeDriver and related test frameworks to prevent access by malicious code.
Dec 14, 2019 3:38:41 AM org.openqa.selenium.remote.ProtocolHandshake createSession
INFO: Detected dialect: W3C
]]></system-err>
</testsuite>
